<?xml version="1.0" encoding="UTF-8"?>
<!-- Generated by org.testng.reporters.JUnitReportReporter -->
<testsuite hostname="Vincent-MP.local" failures="0" tests="2" name="com.misa.projects.amisaccounting.testscript.LoginTest" time="51.928" errors="0" timestamp="2023-01-30T16:50:59 ICT" skipped="0">
  <testcase classname="com.misa.projects.amisaccounting.testscript.LoginTest" name="SMECould_Login_ValidAccount_001" time="25.862"/>
  <system-out/>
  <testcase classname="com.misa.projects.amisaccounting.testscript.LoginTest" name="SMECould_Login_ValidAccount_001" time="26.066"/>
  <system-out/>
</testsuite> <!-- com.misa.projects.amisaccounting.testscript.LoginTest -->
